<?xml version="1.0" encoding="UTF-8"?>
<testng-results ignored="0" total="1" passed="1" failed="0" skipped="0">
  <reporter-output>
  </reporter-output>
  <suite started-at="2025-12-03T09:27:55 IST" name="Cucumber Suite" finished-at="2025-12-03T09:28:03 IST" duration-ms="8681">
    <groups>
      <group name="cucumber">
        <method signature="AbstractTestNGCucumberTests.runScenario(io.cucumber.testng.PickleWrapper,io.cucumber.testng.FeatureWrapper)[pri:0, instance:com.automation.framework.tests.runners.TestRunner@6adbc9d]" name="runScenario" class="io.cucumber.testng.AbstractTestNGCucumberTests"/>
      </group> <!-- cucumber -->
    </groups>
    <test started-at="2025-12-03T09:27:55 IST" name="Chrome Test" finished-at="2025-12-03T09:28:03 IST" duration-ms="8681">
      <class name="com.automation.framework.tests.runners.TestRunner">
        <test-method is-config="true" signature="setUpClass(org.testng.ITestContext)[pri:0, instance:com.automation.framework.tests.runners.TestRunner@6adbc9d]" started-at="2025-12-03T09:27:55 IST" name="setUpClass" finished-at="2025-12-03T09:27:55 IST" duration-ms="345" status="PASS">
          <params>
            <param index="0">
              <value>
                <![CDATA[org.testng.TestRunner@62ea3440]]>
              </value>
            </param>
          </params>
          <reporter-output>
          </reporter-output>
        </test-method> <!-- setUpClass -->
        <test-method signature="runScenario(io.cucumber.testng.PickleWrapper,io.cucumber.testng.FeatureWrapper)[pri:0, instance:com.automation.framework.tests.runners.TestRunner@6adbc9d]" started-at="2025-12-03T09:27:55 IST" name="runScenario" description="Runs Cucumber Scenarios" data-provider="scenarios" finished-at="2025-12-03T09:28:03 IST" duration-ms="8289" status="PASS">
          <params>
            <param index="0">
              <value>
                <![CDATA["Verify valid login"]]>
              </value>
            </param>
            <param index="1">
              <value>
                <![CDATA["Login Feature"]]>
              </value>
            </param>
          </params>
          <reporter-output>
          </reporter-output>
        </test-method> <!-- runScenario -->
        <test-method is-config="true" signature="tearDownClass()[pri:0, instance:com.automation.framework.tests.runners.TestRunner@6adbc9d]" started-at="2025-12-03T09:28:03 IST" name="tearDownClass" finished-at="2025-12-03T09:28:03 IST" duration-ms="14" status="PASS">
          <reporter-output>
          </reporter-output>
        </test-method> <!-- tearDownClass -->
      </class> <!-- com.automation.framework.tests.runners.TestRunner -->
    </test> <!-- Chrome Test -->
  </suite> <!-- Cucumber Suite -->
</testng-results>
